c:\users\windows\source\repos\imaginaryshooter_sdl2\imaginaryshooter_sdl2\x64\release\vc143.pdb
c:\users\windows\source\repos\imaginaryshooter_sdl2\imaginaryshooter_sdl2\x64\release\windowvalues.obj
c:\users\windows\source\repos\imaginaryshooter_sdl2\imaginaryshooter_sdl2\x64\release\window.obj
c:\users\windows\source\repos\imaginaryshooter_sdl2\imaginaryshooter_sdl2\x64\release\text.obj
c:\users\windows\source\repos\imaginaryshooter_sdl2\imaginaryshooter_sdl2\x64\release\source.obj
c:\users\windows\source\repos\imaginaryshooter_sdl2\imaginaryshooter_sdl2\x64\release\rect.obj
c:\users\windows\source\repos\imaginaryshooter_sdl2\imaginaryshooter_sdl2\x64\release\laser.obj
c:\users\windows\source\repos\imaginaryshooter_sdl2\imaginaryshooter_sdl2\x64\release\heart.obj
c:\users\windows\source\repos\imaginaryshooter_sdl2\imaginaryshooter_sdl2\x64\release\gamevalues.obj
c:\users\windows\source\repos\imaginaryshooter_sdl2\imaginaryshooter_sdl2\x64\release\button.obj
c:\users\windows\source\repos\imaginaryshooter_sdl2\imaginaryshooter_sdl2\x64\release\asteroid.obj
c:\users\windows\source\repos\imaginaryshooter_sdl2\x64\release\imaginaryshooter_sdl2.exe
c:\users\windows\source\repos\imaginaryshooter_sdl2\imaginaryshooter_sdl2\x64\release\imaginaryshooter_sdl2.ipdb
c:\users\windows\source\repos\imaginaryshooter_sdl2\x64\release\imaginaryshooter_sdl2.pdb
c:\users\windows\source\repos\imaginaryshooter_sdl2\imaginaryshooter_sdl2\x64\release\imaginaryshooter_sdl2.iobj
c:\users\windows\source\repos\imaginaryshooter_sdl2\imaginaryshooter_sdl2\x64\release\imaginar.dc6a30a6.tlog\cl.command.1.tlog
c:\users\windows\source\repos\imaginaryshooter_sdl2\imaginaryshooter_sdl2\x64\release\imaginar.dc6a30a6.tlog\cl.read.1.tlog
c:\users\windows\source\repos\imaginaryshooter_sdl2\imaginaryshooter_sdl2\x64\release\imaginar.dc6a30a6.tlog\cl.write.1.tlog
c:\users\windows\source\repos\imaginaryshooter_sdl2\imaginaryshooter_sdl2\x64\release\imaginar.dc6a30a6.tlog\link.command.1.tlog
c:\users\windows\source\repos\imaginaryshooter_sdl2\imaginaryshooter_sdl2\x64\release\imaginar.dc6a30a6.tlog\link.read.1.tlog
c:\users\windows\source\repos\imaginaryshooter_sdl2\imaginaryshooter_sdl2\x64\release\imaginar.dc6a30a6.tlog\link.write.1.tlog
